GROUP,PACKAGE,CLASS,INSTRUCTION_MISSED,INSTRUCTION_COVERED,BRANCH_MISSED,BRANCH_COVERED,LINE_MISSED,LINE_COVERED,COMPLEXITY_MISSED,COMPLEXITY_COVERED,METHOD_MISSED,METHOD_COVERED
ms-pagos,cl.texDigital.ms_pagos.controller,PagoController,0,163,0,0,0,25,0,9,0,9
ms-pagos,cl.texDigital.ms_pagos.service,PagoService,58,290,3,9,10,65,6,15,3,12
ms-pagos,cl.texDigital.ms_pagos.exception,ResourceNotFoundException,0,4,0,0,0,2,0,1,0,1
ms-pagos,cl.texDigital.ms_pagos.exception,GlobalExceptionHandler,12,80,0,2,2,14,1,7,1,6
ms-pagos,cl.texDigital.ms_pagos.exception,ServicioRemotoException,0,4,0,0,0,2,0,1,0,1
