<?xml version="1.0" encoding="UTF-8"?>
<testsuite xmlns:xsi="http://www.w3.org/2001/XMLSchema-instance" xsi:noNamespaceSchemaLocation="https://maven.apache.org/surefire/maven-surefire-plugin/xsd/surefire-test-report.xsd" version="3.0.2" name="cl.texDigital.ms_pagos.client.PedidoClientTest" time="1.275" tests="1" errors="0" skipped="0" failures="0" flakes="0">
  <properties>
[...]
</properties>
  <testcase name="findById_lanzaServicioRemoto_siNoHayConexion" classname="cl.texDigital.ms_pagos.client.PedidoClientTest" time="1.274">
    <system-out><![CDATA[12:25:16.788 [main] ERROR cl.texDigital.ms_pagos.client.PedidoClient -- Timeout o conexion fallida con ms-pedidos para id=1: I/O error on GET request for "http://localhost:9/api/pedidos/1": Connection refused
]]></system-out>
  </testcase>
</testsuite>