<?xml version="1.0" encoding="UTF-8"?>
<testsuite xmlns:xsi="http://www.w3.org/2001/XMLSchema-instance" xsi:noNamespaceSchemaLocation="https://maven.apache.org/surefire/maven-surefire-plugin/xsd/surefire-test-report.xsd" version="3.0.2" name="cl.texDigital.ms_pagos.controller.PagoControllerTest" time="3.832" tests="14" errors="0" skipped="0" failures="0" flakes="0">
  <properties>
[...]
</properties>
  <testcase name="getByEstado_devuelve200" classname="cl.texDigital.ms_pagos.controller.PagoControllerTest" time="0.43">
    <system-out><![CDATA[12:25:17.014 [main] INFO org.springframework.test.context.support.AnnotationConfigContextLoaderUtils -- Could not detect default configuration classes for test class [cl.texDigital.ms_pagos.controller.PagoControllerTest]: PagoControllerTest does not declare any static, non-private, non-final, nested classes annotated with @Configuration.
12:25:17.319 [main] INFO org.springframework.boot.test.context.SpringBootTestContextBootstrapper -- Found @SpringBootConfiguration cl.texDigital.ms_pagos.MsPagosApplication for test class cl.texDigital.ms_pagos.controller.PagoControllerTest
12:25:17.462 [main] INFO org.springframework.boot.devtools.restart.RestartApplicationListener -- Restart disabled due to context in which it is running

  .   ____          _            __ _ _
 /\\ / ___'_ __ _ _(_)_ __  __ _ \ \ \ \
( ( )\___ | '_ | '_| | '_ \/ _` | \ \ \ \
 \\/  ___)| |_)| | | | | || (_| |  ) ) ) )
  '  |____| .__|_| |_|_| |_\__, | / / / /
 =========|_|==============|___/=/_/_/_/

 :: Spring Boot ::               (v3.5.14)

2026-06-17T12:25:18.234-04:00  INFO 170196 --- [ms-pagos] [           main] c.t.m.controller.PagoControllerTest      : Starting PagoControllerTest using Java 17.0.19 with PID 170196 (started by branco in /home/branco/Desktop/CS/DSFULLST/texDigital-BCKND/ms-pagos)
2026-06-17T12:25:18.236-04:00 DEBUG 170196 --- [ms-pagos] [           main] c.t.m.controller.PagoControllerTest      : Running with Spring Boot v3.5.14, Spring v6.2.18
2026-06-17T12:25:18.236-04:00  INFO 170196 --- [ms-pagos] [           main] c.t.m.controller.PagoControllerTest      : The following 1 profile is active: "dev"
2026-06-17T12:25:19.830-04:00  INFO 170196 --- [ms-pagos] [           main] o.s.b.t.m.w.SpringBootMockServletContext : Initializing Spring TestDispatcherServlet ''
2026-06-17T12:25:19.831-04:00  INFO 170196 --- [ms-pagos] [           main] o.s.t.web.servlet.TestDispatcherServlet  : Initializing Servlet ''
2026-06-17T12:25:19.832-04:00  INFO 170196 --- [ms-pagos] [           main] o.s.t.web.servlet.TestDispatcherServlet  : Completed initialization in 1 ms
2026-06-17T12:25:19.885-04:00  INFO 170196 --- [ms-pagos] [           main] c.t.m.controller.PagoControllerTest      : Started PagoControllerTest in 2.445 seconds (process running for 7.155)
]]></system-out>
  </testcase>
  <testcase name="update_devuelve200" classname="cl.texDigital.ms_pagos.controller.PagoControllerTest" time="0.159"/>
  <testcase name="create_devuelve400_siReglaDeNegocio" classname="cl.texDigital.ms_pagos.controller.PagoControllerTest" time="0.017"/>
  <testcase name="getAll_devuelve200" classname="cl.texDigital.ms_pagos.controller.PagoControllerTest" time="0.008"/>
  <testcase name="getById_devuelve404" classname="cl.texDigital.ms_pagos.controller.PagoControllerTest" time="0.054"/>
  <testcase name="updateEstado_devuelve200" classname="cl.texDigital.ms_pagos.controller.PagoControllerTest" time="0.007"/>
  <testcase name="updateEstado_devuelve400_siEstadoInvalido" classname="cl.texDigital.ms_pagos.controller.PagoControllerTest" time="0.006"/>
  <testcase name="create_devuelve400_siBodyInvalido" classname="cl.texDigital.ms_pagos.controller.PagoControllerTest" time="0.013"/>
  <testcase name="create_devuelve201" classname="cl.texDigital.ms_pagos.controller.PagoControllerTest" time="0.006"/>
  <testcase name="getByPedido_devuelve200" classname="cl.texDigital.ms_pagos.controller.PagoControllerTest" time="0.008"/>
  <testcase name="create_devuelve503_siServicioRemotoCaido" classname="cl.texDigital.ms_pagos.controller.PagoControllerTest" time="0.006"/>
  <testcase name="getById_devuelve200ConLinks" classname="cl.texDigital.ms_pagos.controller.PagoControllerTest" time="0.011"/>
  <testcase name="delete_devuelve204" classname="cl.texDigital.ms_pagos.controller.PagoControllerTest" time="0.005"/>
  <testcase name="delete_devuelve404" classname="cl.texDigital.ms_pagos.controller.PagoControllerTest" time="0.006"/>
</testsuite>